Using pre-set license
Built from '2022.3/staging' branch; Version is '2022.3.46f1 (8e9b8558c41a) revision 9345925'; Using compiler version '192829333'; Build Type 'Release'
OS: 'Windows 11  (10.0.22631) 64bit CoreSingleLanguage' Language: 'en' Physical Memory: 7859 MB
BatchMode: 1, IsHumanControllingUs: 0, StartBugReporterOnCrash: 0, Is64bit: 1, IsPro: 1

COMMAND LINE ARGUMENTS:
C:\Program Files\Unity\Hub\Editor\2022.3.46f1\Editor\Unity.exe
-adb2
-batchMode
-noUpm
-name
AssetImportWorker10
-projectPath
C:/Users/agraw/OneDrive/Desktop/GDSC Devjams/AutoDrive
-logFile
Logs/AssetImportWorker10.log
-srvPort
62529
Successfully changed project path to: C:/Users/agraw/OneDrive/Desktop/GDSC Devjams/AutoDrive
C:/Users/agraw/OneDrive/Desktop/GDSC Devjams/AutoDrive
[UnityMemory] Configuration Parameters - Can be set up in boot.config
    "memorysetup-bucket-allocator-granularity=16"
    "memorysetup-bucket-allocator-bucket-count=8"
    "memorysetup-bucket-allocator-block-size=33554432"
    "memorysetup-bucket-allocator-block-count=8"
    "memorysetup-main-allocator-block-size=16777216"
    "memorysetup-thread-allocator-block-size=16777216"
    "memorysetup-gfx-main-allocator-block-size=16777216"
    "memorysetup-gfx-thread-allocator-block-size=16777216"
    "memorysetup-cache-allocator-block-size=4194304"
    "memorysetup-typetree-allocator-block-size=2097152"
    "memorysetup-profiler-bucket-allocator-granularity=16"
    "memorysetup-profiler-bucket-allocator-bucket-count=8"
    "memorysetup-profiler-bucket-allocator-block-size=33554432"
    "memorysetup-profiler-bucket-allocator-block-count=8"
    "memorysetup-profiler-allocator-block-size=16777216"
    "memorysetup-profiler-editor-allocator-block-size=1048576"
    "memorysetup-temp-allocator-size-main=16777216"
    "memorysetup-job-temp-allocator-block-size=2097152"
    "memorysetup-job-temp-allocator-block-size-background=1048576"
    "memorysetup-job-temp-allocator-reduction-small-platforms=262144"
    "memorysetup-allocator-temp-initial-block-size-main=262144"
    "memorysetup-allocator-temp-initial-block-size-worker=262144"
    "memorysetup-temp-allocator-size-background-worker=32768"
    "memorysetup-temp-allocator-size-job-worker=262144"
    "memorysetup-temp-allocator-size-preload-manager=33554432"
    "memorysetup-temp-allocator-size-nav-mesh-worker=65536"
    "memorysetup-temp-allocator-size-audio-worker=65536"
    "memorysetup-temp-allocator-size-cloud-worker=32768"
    "memorysetup-temp-allocator-size-gi-baking-worker=262144"
    "memorysetup-temp-allocator-size-gfx=262144"
Player connection [553440]  Target information:

Player connection [553440]  * "[IP] 172.18.224.122 [Port] 0 [Flags] 2 [Guid] 2874241371 [EditorId] 2874241371 [Version] 1048832 [Id] WindowsEditor(7,Victus) [Debug] 1 [PackageName] WindowsEditor [ProjectName] Editor" 

Player connection [553440] Host joined multi-casting on [225.0.0.222:54997]...
Player connection [553440] Host joined alternative multi-casting on [225.0.0.222:34997]...
[PhysX] Initialized MultithreadedTaskDispatcher with 16 workers.
Refreshing native plugins compatible for Editor in 18.56 ms, found 3 plugins.
Preloading 0 native plugins for Editor in 0.00 ms.
Initialize engine version: 2022.3.46f1 (8e9b8558c41a)
[Subsystems] Discovering subsystems at path C:/Program Files/Unity/Hub/Editor/2022.3.46f1/Editor/Data/Resources/UnitySubsystems
[Subsystems] Discovering subsystems at path C:/Users/agraw/OneDrive/Desktop/GDSC Devjams/AutoDrive/Assets
GfxDevice: creating device client; threaded=0; jobified=0
Direct3D:
    Version:  Direct3D 11.0 [level 11.1]
    Renderer: NVIDIA GeForce RTX 3050 Laptop GPU (ID=0x25a2)
    Vendor:   NVIDIA
    VRAM:     3964 MB
    Driver:   32.0.15.5613
Initialize mono
Mono path[0] = 'C:/Program Files/Unity/Hub/Editor/2022.3.46f1/Editor/Data/Managed'
Mono path[1] = 'C:/Program Files/Unity/Hub/Editor/2022.3.46f1/Editor/Data/MonoBleedingEdge/lib/mono/unityjit-win32'
Mono config path = 'C:/Program Files/Unity/Hub/Editor/2022.3.46f1/Editor/Data/MonoBleedingEdge/etc'
Using monoOptions --debugger-agent=transport=dt_socket,embedding=1,server=y,suspend=n,address=127.0.0.1:56820
Begin MonoManager ReloadAssembly
Registering precompiled unity dll's ...
Register platform support module: C:/Program Files/Unity/Hub/Editor/2022.3.46f1/Editor/Data/PlaybackEngines/WindowsStandaloneSupport/UnityEditor.WindowsStandalone.Extensions.dll
Registered in 0.005761 seconds.
- Loaded All Assemblies, in  2.559 seconds
Native extension for WindowsStandalone target not found
Mono: successfully reloaded assembly
- Finished resetting the current domain, in  0.213 seconds
Domain Reload Profiling: 2772ms
	BeginReloadAssembly (278ms)
		ExecutionOrderSort (0ms)
		DisableScriptedObjects (0ms)
		BackupInstance (0ms)
		ReleaseScriptingObjects (0ms)
		CreateAndSetChildDomain (1ms)
	RebuildCommonClasses (73ms)
	RebuildNativeTypeToScriptingClass (8ms)
	initialDomainReloadingComplete (52ms)
	LoadAllAssembliesAndSetupDomain (2147ms)
		LoadAssemblies (277ms)
		RebuildTransferFunctionScriptingTraits (0ms)
		AnalyzeDomain (2144ms)
			TypeCache.Refresh (2142ms)
				TypeCache.ScanAssembly (2126ms)
			ScanForSourceGeneratedMonoScriptInfo (0ms)
			ResolveRequiredComponents (1ms)
	FinalizeReload (214ms)
		ReleaseScriptCaches (0ms)
		RebuildScriptCaches (0ms)
		SetupLoadedEditorAssemblies (173ms)
			LogAssemblyErrors (0ms)
			InitializePlatformSupportModulesInManaged (7ms)
			SetLoadedEditorAssemblies (6ms)
			RefreshPlugins (0ms)
			BeforeProcessingInitializeOnLoad (2ms)
			ProcessInitializeOnLoadAttributes (122ms)
			ProcessInitializeOnLoadMethodAttributes (36ms)
			AfterProcessingInitializeOnLoad (0ms)
			EditorAssembliesLoaded (0ms)
		ExecutionOrderSort2 (0ms)
		AwakeInstancesAfterBackupRestoration (0ms)
========================================================================
Worker process is ready to serve import requests
Caller must complete domain reload
Begin MonoManager ReloadAssembly
- Loaded All Assemblies, in  0.525 seconds
Native extension for WindowsStandalone target not found
Package Manager log level set to [2]
[Package Manager] Server::EnsureServerProcessIsRunning -- launch failed, reason: Unity was launched with the -noUpm command-line argument
[Package Manager] UpmClient::Send -- Unable to send message (not connected to UPM process).
[Package Manager] Cannot connect to Unity Package Manager local server
Mono: successfully reloaded assembly
- Finished resetting the current domain, in  0.604 seconds
Domain Reload Profiling: 1129ms
	BeginReloadAssembly (119ms)
		ExecutionOrderSort (0ms)
		DisableScriptedObjects (4ms)
		BackupInstance (0ms)
		ReleaseScriptingObjects (0ms)
		CreateAndSetChildDomain (16ms)
	RebuildCommonClasses (23ms)
	RebuildNativeTypeToScriptingClass (7ms)
	initialDomainReloadingComplete (32ms)
	LoadAllAssembliesAndSetupDomain (344ms)
		LoadAssemblies (267ms)
		RebuildTransferFunctionScriptingTraits (0ms)
		AnalyzeDomain (150ms)
			TypeCache.Refresh (134ms)
				TypeCache.ScanAssembly (116ms)
			ScanForSourceGeneratedMonoScriptInfo (12ms)
			ResolveRequiredComponents (3ms)
	FinalizeReload (604ms)
		ReleaseScriptCaches (0ms)
		RebuildScriptCaches (0ms)
		SetupLoadedEditorAssemblies (501ms)
			LogAssemblyErrors (0ms)
			InitializePlatformSupportModulesInManaged (4ms)
			SetLoadedEditorAssemblies (4ms)
			RefreshPlugins (0ms)
			BeforeProcessingInitializeOnLoad (49ms)
			ProcessInitializeOnLoadAttributes (426ms)
			ProcessInitializeOnLoadMethodAttributes (15ms)
			AfterProcessingInitializeOnLoad (4ms)
			EditorAssembliesLoaded (0ms)
		ExecutionOrderSort2 (0ms)
		AwakeInstancesAfterBackupRestoration (5ms)
Launched and connected shader compiler UnityShaderCompiler.exe after 0.05 seconds
Refreshing native plugins compatible for Editor in 4.27 ms, found 3 plugins.
Preloading 0 native plugins for Editor in 0.00 ms.
Unloading 3159 Unused Serialized files (Serialized files now loaded: 0)
Unloading 20 unused Assets / (259.4 KB). Loaded Objects now: 3652.
Memory consumption went from 140.7 MB to 140.5 MB.
Total: 2.962700 ms (FindLiveObjects: 0.167700 ms CreateObjectMapping: 0.082600 ms MarkObjects: 2.564700 ms  DeleteObjects: 0.146900 ms)

AssetImportParameters requested are different than current active one (requested -> active):
  custom:container-demuxer-ogg: 62fdf1f143b41e24485cea50d1cbac27 -> 
  custom:video-decoder-ogg-theora: a1e56fd34408186e4bbccfd4996cb3dc -> 
  custom:framework-win-MediaFoundation: 216162199b28c13a410421893ffa2e32 -> 
  custom:CustomObjectIndexerAttribute: 9a22284fe3817be447336de3de66b15e -> 
  custom:container-demuxer-webm: 4f35f7cbe854078d1ac9338744f61a02 -> 
  custom:container-muxer-webm: aa71ff27fc2769a1b78a27578f13a17b -> 
  custom:video-decoder-webm-vp8: 9c59270c3fd7afecdb556c50c9e8de78 -> 
  custom:SearchIndexIgnoredProperties: e643bd26f0fe6173181afceb89e7c659 -> 
  custom:AudioImporter_EditorPlatform: d09bf68614088b80899f8185d706f6e7 -> 
  custom:video-encoder-webm-vp8: eb34c28f22e8b96e1ab97ce403110664 -> 
  custom:audio-decoder-ogg-vorbis: bf7c407c2cedff20999df2af8eb42d56 -> 
  custom:audio-encoder-webm-vorbis: bf7c407c2cedff20999df2af8eb42d56 -> 
========================================================================
Received Import Request.
  Time since last request: 427253.447408 seconds.
  path: Assets/CS - Signs Free/Models/Materials/No Name.mat
  artifactKey: Guid(2b3ef0b92622e6b4fbadc30b83b8b608) Importer(815301076,1909f56bfc062723c751e8b465ee728b)
Start importing Assets/CS - Signs Free/Models/Materials/No Name.mat using Guid(2b3ef0b92622e6b4fbadc30b83b8b608) Importer(815301076,1909f56bfc062723c751e8b465ee728b) [PhysX] Initialized MultithreadedTaskDispatcher with 16 workers.
[PhysX] Initialized MultithreadedTaskDispatcher with 16 workers.
 -> (artifact id: '187ae72603ebb1f36ce3722a3a9a6964') in 0.175847 seconds
Number of updated asset objects reloaded before import = 0
Number of asset objects unloaded after import = 1
========================================================================
Received Import Request.
  Time since last request: 3.705620 seconds.
  path: Assets/CS - Signs Free/Textures/Sign Post 1.png
  artifactKey: Guid(d60293a614c7b524980306a70be2f377) Importer(815301076,1909f56bfc062723c751e8b465ee728b)
Start importing Assets/CS - Signs Free/Textures/Sign Post 1.png using Guid(d60293a614c7b524980306a70be2f377) Importer(815301076,1909f56bfc062723c751e8b465ee728b) [PhysX] Initialized MultithreadedTaskDispatcher with 16 workers.
[PhysX] Initialized MultithreadedTaskDispatcher with 16 workers.
 -> (artifact id: '6ed728f51ec47397bbe40a1f411f0c35') in 0.339350 seconds
Number of updated asset objects reloaded before import = 0
Number of asset objects unloaded after import = 3
========================================================================
Received Import Request.
  Time since last request: 0.000031 seconds.
  path: Assets/CS - Signs Free/Textures/Sign_Merge.png
  artifactKey: Guid(48f03a698ce797143bd7ab6b1289c983) Importer(815301076,1909f56bfc062723c751e8b465ee728b)
Start importing Assets/CS - Signs Free/Textures/Sign_Merge.png using Guid(48f03a698ce797143bd7ab6b1289c983) Importer(815301076,1909f56bfc062723c751e8b465ee728b) [PhysX] Initialized MultithreadedTaskDispatcher with 16 workers.
[PhysX] Initialized MultithreadedTaskDispatcher with 16 workers.
 -> (artifact id: '1f1c1d4c7d30853d7db19ca7efba509f') in 0.084623 seconds
Number of updated asset objects reloaded before import = 0
Number of asset objects unloaded after import = 3
========================================================================
Received Import Request.
  Time since last request: 0.000042 seconds.
  path: Assets/CS - Signs Free/Textures/Sign_Chevron.png
  artifactKey: Guid(bc5b626e67ce2554c82176b1e303bb48) Importer(815301076,1909f56bfc062723c751e8b465ee728b)
Start importing Assets/CS - Signs Free/Textures/Sign_Chevron.png using Guid(bc5b626e67ce2554c82176b1e303bb48) Importer(815301076,1909f56bfc062723c751e8b465ee728b) [PhysX] Initialized MultithreadedTaskDispatcher with 16 workers.
[PhysX] Initialized MultithreadedTaskDispatcher with 16 workers.
 -> (artifact id: '3c6623fa486a4ccb9c84cfa03abbf370') in 0.168746 seconds
Number of updated asset objects reloaded before import = 0
Number of asset objects unloaded after import = 3
========================================================================
Received Import Request.
  Time since last request: 0.000025 seconds.
  path: Assets/CS - Signs Free/Textures/Sign_Divided_Highway.png
  artifactKey: Guid(0443b1bbef11ff34e90de4d59a4c259b) Importer(815301076,1909f56bfc062723c751e8b465ee728b)
Start importing Assets/CS - Signs Free/Textures/Sign_Divided_Highway.png using Guid(0443b1bbef11ff34e90de4d59a4c259b) Importer(815301076,1909f56bfc062723c751e8b465ee728b) [PhysX] Initialized MultithreadedTaskDispatcher with 16 workers.
[PhysX] Initialized MultithreadedTaskDispatcher with 16 workers.
 -> (artifact id: '183a7f0d51257b609b12f42848fc772a') in 0.036268 seconds
Number of updated asset objects reloaded before import = 0
Number of asset objects unloaded after import = 3
========================================================================
Received Import Request.
  Time since last request: 0.000030 seconds.
  path: Assets/CS - Signs Free/Textures/Sign_Right_Lane_Ends_2.png
  artifactKey: Guid(fd1fd1e9e9cbbed4eadcb00685079e13) Importer(815301076,1909f56bfc062723c751e8b465ee728b)
Start importing Assets/CS - Signs Free/Textures/Sign_Right_Lane_Ends_2.png using Guid(fd1fd1e9e9cbbed4eadcb00685079e13) Importer(815301076,1909f56bfc062723c751e8b465ee728b) [PhysX] Initialized MultithreadedTaskDispatcher with 16 workers.
[PhysX] Initialized MultithreadedTaskDispatcher with 16 workers.
 -> (artifact id: '1bd7194b33185459b70ed961af2d4032') in 0.122646 seconds
Number of updated asset objects reloaded before import = 0
Number of asset objects unloaded after import = 3
========================================================================
Received Import Request.
  Time since last request: 0.000062 seconds.
  path: Assets/CS - Signs Free/Textures/Sign_Keep_Right.png
  artifactKey: Guid(2ba4b4cc278548b4ab2dfbeb42520d9e) Importer(815301076,1909f56bfc062723c751e8b465ee728b)
Start importing Assets/CS - Signs Free/Textures/Sign_Keep_Right.png using Guid(2ba4b4cc278548b4ab2dfbeb42520d9e) Importer(815301076,1909f56bfc062723c751e8b465ee728b) [PhysX] Initialized MultithreadedTaskDispatcher with 16 workers.
[PhysX] Initialized MultithreadedTaskDispatcher with 16 workers.
 -> (artifact id: 'da24032eb1523a3a49d8428c5f36b05c') in 0.129765 seconds
Number of updated asset objects reloaded before import = 0
Number of asset objects unloaded after import = 3
========================================================================
Received Import Request.
  Time since last request: 0.000048 seconds.
  path: Assets/CS - Signs Free/Textures/Sign_Hill.png
  artifactKey: Guid(530625939a4c3544aa34b8dcdf1dcd64) Importer(815301076,1909f56bfc062723c751e8b465ee728b)
Start importing Assets/CS - Signs Free/Textures/Sign_Hill.png using Guid(530625939a4c3544aa34b8dcdf1dcd64) Importer(815301076,1909f56bfc062723c751e8b465ee728b) [PhysX] Initialized MultithreadedTaskDispatcher with 16 workers.
[PhysX] Initialized MultithreadedTaskDispatcher with 16 workers.
 -> (artifact id: 'c72cdda914db278c6e048c2df25e42a9') in 0.086245 seconds
Number of updated asset objects reloaded before import = 0
Number of asset objects unloaded after import = 3
========================================================================
Received Import Request.
  Time since last request: 0.000026 seconds.
  path: Assets/CS - Signs Free/Textures/Sign_Ramp_30_MPH.png
  artifactKey: Guid(01aa67e01603fbf478d348e6680edfe0) Importer(815301076,1909f56bfc062723c751e8b465ee728b)
Start importing Assets/CS - Signs Free/Textures/Sign_Ramp_30_MPH.png using Guid(01aa67e01603fbf478d348e6680edfe0) Importer(815301076,1909f56bfc062723c751e8b465ee728b) [PhysX] Initialized MultithreadedTaskDispatcher with 16 workers.
[PhysX] Initialized MultithreadedTaskDispatcher with 16 workers.
 -> (artifact id: '3e6de6f730de04cce832aa23bd5bce5c') in 0.203737 seconds
Number of updated asset objects reloaded before import = 0
Number of asset objects unloaded after import = 3
========================================================================
Received Import Request.
  Time since last request: 0.000073 seconds.
  path: Assets/CS - Signs Free/Textures/Sign_Left_Turn_Yield_On_Green.png
  artifactKey: Guid(6d789688551e57b41ae393d9a04d40c3) Importer(815301076,1909f56bfc062723c751e8b465ee728b)
Start importing Assets/CS - Signs Free/Textures/Sign_Left_Turn_Yield_On_Green.png using Guid(6d789688551e57b41ae393d9a04d40c3) Importer(815301076,1909f56bfc062723c751e8b465ee728b) [PhysX] Initialized MultithreadedTaskDispatcher with 16 workers.
[PhysX] Initialized MultithreadedTaskDispatcher with 16 workers.
 -> (artifact id: '1b3934a5af99f53fc756cf77e821fae0') in 0.157333 seconds
Number of updated asset objects reloaded before import = 0
Number of asset objects unloaded after import = 3
========================================================================
Received Import Request.
  Time since last request: 0.000025 seconds.
  path: Assets/CS - Signs Free/Textures/Sign_Dead_End.png
  artifactKey: Guid(8b53f9243a851e5458f97f36e312ab73) Importer(815301076,1909f56bfc062723c751e8b465ee728b)
Start importing Assets/CS - Signs Free/Textures/Sign_Dead_End.png using Guid(8b53f9243a851e5458f97f36e312ab73) Importer(815301076,1909f56bfc062723c751e8b465ee728b) [PhysX] Initialized MultithreadedTaskDispatcher with 16 workers.
[PhysX] Initialized MultithreadedTaskDispatcher with 16 workers.
 -> (artifact id: 'dbbc6f5422d2c1ab58cb6ee4143f8022') in 0.122488 seconds
Number of updated asset objects reloaded before import = 0
Number of asset objects unloaded after import = 3
========================================================================
Received Import Request.
  Time since last request: 0.000041 seconds.
  path: Assets/CS - Signs Free/Textures/Sign_Roundabout_Chevron_3.png
  artifactKey: Guid(2d96ed1d7c6ebe349a98ba75a22ad483) Importer(815301076,1909f56bfc062723c751e8b465ee728b)
Start importing Assets/CS - Signs Free/Textures/Sign_Roundabout_Chevron_3.png using Guid(2d96ed1d7c6ebe349a98ba75a22ad483) Importer(815301076,1909f56bfc062723c751e8b465ee728b) [PhysX] Initialized MultithreadedTaskDispatcher with 16 workers.
[PhysX] Initialized MultithreadedTaskDispatcher with 16 workers.
 -> (artifact id: 'a97fe9f461bb77d7f4f8f1571c21e20e') in 0.093966 seconds
Number of updated asset objects reloaded before import = 0
Number of asset objects unloaded after import = 3
========================================================================
Received Import Request.
  Time since last request: 0.000046 seconds.
  path: Assets/CS - Signs Free/Textures/Sign_Center_Lane_Turn_Only.png
  artifactKey: Guid(210058561802e574c967678fbd4bf8ff) Importer(815301076,1909f56bfc062723c751e8b465ee728b)
Start importing Assets/CS - Signs Free/Textures/Sign_Center_Lane_Turn_Only.png using Guid(210058561802e574c967678fbd4bf8ff) Importer(815301076,1909f56bfc062723c751e8b465ee728b) [PhysX] Initialized MultithreadedTaskDispatcher with 16 workers.
[PhysX] Initialized MultithreadedTaskDispatcher with 16 workers.
 -> (artifact id: '7fa385b93651975e8a26ca54a26658fd') in 0.141740 seconds
Number of updated asset objects reloaded before import = 0
Number of asset objects unloaded after import = 3
========================================================================
Received Import Request.
  Time since last request: 0.000024 seconds.
  path: Assets/CS - Signs Free/Textures/Sign_Ped_Xing.png
  artifactKey: Guid(a00b26721cf8fc14e8724e1c25584d25) Importer(815301076,1909f56bfc062723c751e8b465ee728b)
Start importing Assets/CS - Signs Free/Textures/Sign_Ped_Xing.png using Guid(a00b26721cf8fc14e8724e1c25584d25) Importer(815301076,1909f56bfc062723c751e8b465ee728b) [PhysX] Initialized MultithreadedTaskDispatcher with 16 workers.
[PhysX] Initialized MultithreadedTaskDispatcher with 16 workers.
 -> (artifact id: '75fda13f92d2ac23ecdaf49df7b752f0') in 0.031370 seconds
Number of updated asset objects reloaded before import = 0
Number of asset objects unloaded after import = 3
========================================================================
Received Import Request.
  Time since last request: 0.000059 seconds.
  path: Assets/CS - Signs Free/Textures/Sign_No_U_Turn.png
  artifactKey: Guid(0958074f15e09db4d841c16b9b03ca18) Importer(815301076,1909f56bfc062723c751e8b465ee728b)
Start importing Assets/CS - Signs Free/Textures/Sign_No_U_Turn.png using Guid(0958074f15e09db4d841c16b9b03ca18) Importer(815301076,1909f56bfc062723c751e8b465ee728b) [PhysX] Initialized MultithreadedTaskDispatcher with 16 workers.
[PhysX] Initialized MultithreadedTaskDispatcher with 16 workers.
 -> (artifact id: '9164c406e00eb4a4ddfaa4ee70d81307') in 0.152572 seconds
Number of updated asset objects reloaded before import = 0
Number of asset objects unloaded after import = 3
========================================================================
Received Import Request.
  Time since last request: 2.808854 seconds.
  path: Assets/CS - Signs Free/Textures/Sign_Speed_25.png
  artifactKey: Guid(1ec3458ab41f09048ac077a075cd74d4) Importer(815301076,1909f56bfc062723c751e8b465ee728b)
Start importing Assets/CS - Signs Free/Textures/Sign_Speed_25.png using Guid(1ec3458ab41f09048ac077a075cd74d4) Importer(815301076,1909f56bfc062723c751e8b465ee728b) [PhysX] Initialized MultithreadedTaskDispatcher with 16 workers.
[PhysX] Initialized MultithreadedTaskDispatcher with 16 workers.
 -> (artifact id: '75b32fee8dfd776ab0bdacc9116db7a7') in 0.047906 seconds
Number of updated asset objects reloaded before import = 0
Number of asset objects unloaded after import = 3
========================================================================
Received Import Request.
  Time since last request: 0.000036 seconds.
  path: Assets/CS - Signs Free/Textures/Sign_Speed_70.png
  artifactKey: Guid(167f88fd46ab4e94ba4d1b1a2c49013a) Importer(815301076,1909f56bfc062723c751e8b465ee728b)
Start importing Assets/CS - Signs Free/Textures/Sign_Speed_70.png using Guid(167f88fd46ab4e94ba4d1b1a2c49013a) Importer(815301076,1909f56bfc062723c751e8b465ee728b) [PhysX] Initialized MultithreadedTaskDispatcher with 16 workers.
[PhysX] Initialized MultithreadedTaskDispatcher with 16 workers.
 -> (artifact id: 'd3885c7f2f2b5f2e6bf8df92c363fe23') in 0.059591 seconds
Number of updated asset objects reloaded before import = 0
Number of asset objects unloaded after import = 3
========================================================================
Received Import Request.
  Time since last request: 0.000043 seconds.
  path: Assets/CS - Signs Free/Textures/Tab_25_MPH.png
  artifactKey: Guid(ea43b879bdf1db544a30dd2fb94996b7) Importer(815301076,1909f56bfc062723c751e8b465ee728b)
Start importing Assets/CS - Signs Free/Textures/Tab_25_MPH.png using Guid(ea43b879bdf1db544a30dd2fb94996b7) Importer(815301076,1909f56bfc062723c751e8b465ee728b) [PhysX] Initialized MultithreadedTaskDispatcher with 16 workers.
[PhysX] Initialized MultithreadedTaskDispatcher with 16 workers.
 -> (artifact id: '3e15330412b15ccf3b41deebcd9aba6f') in 0.043337 seconds
Number of updated asset objects reloaded before import = 0
Number of asset objects unloaded after import = 3
========================================================================
Received Import Request.
  Time since last request: 0.000056 seconds.
  path: Assets/CS - Signs Free/Textures/Sign_Speed_55.png
  artifactKey: Guid(ff2bc6c45494d0245ad0cefd3308b700) Importer(815301076,1909f56bfc062723c751e8b465ee728b)
Start importing Assets/CS - Signs Free/Textures/Sign_Speed_55.png using Guid(ff2bc6c45494d0245ad0cefd3308b700) Importer(815301076,1909f56bfc062723c751e8b465ee728b) [PhysX] Initialized MultithreadedTaskDispatcher with 16 workers.
[PhysX] Initialized MultithreadedTaskDispatcher with 16 workers.
 -> (artifact id: '245cccf0e5e76a1b69fce0e3b256658b') in 0.068831 seconds
Number of updated asset objects reloaded before import = 0
Number of asset objects unloaded after import = 3
Editor requested this worker to shutdown with reason: Scaling down because of idle timeout
TcpMessagingSession - receive error: operation aborted. errorcode: 995, details: The I/O operation has been aborted because of either a thread exit or an application request.
AssetImportWorker is now disconnected from the server
Process exiting
Exiting without the bug reporter. Application will terminate with return code 0