Using pre-set license
Built from '2022.3/staging' branch; Version is '2022.3.46f1 (8e9b8558c41a) revision 9345925'; Using compiler version '192829333'; Build Type 'Release'
OS: 'Windows 11  (10.0.22631) 64bit CoreSingleLanguage' Language: 'en' Physical Memory: 7859 MB
BatchMode: 1, IsHumanControllingUs: 0, StartBugReporterOnCrash: 0, Is64bit: 1, IsPro: 1

COMMAND LINE ARGUMENTS:
C:\Program Files\Unity\Hub\Editor\2022.3.46f1\Editor\Unity.exe
-adb2
-batchMode
-noUpm
-name
AssetImportWorker6
-projectPath
C:/Users/agraw/OneDrive/Desktop/GDSC Devjams/AutoDrive
-logFile
Logs/AssetImportWorker6.log
-srvPort
62529
Successfully changed project path to: C:/Users/agraw/OneDrive/Desktop/GDSC Devjams/AutoDrive
C:/Users/agraw/OneDrive/Desktop/GDSC Devjams/AutoDrive
[UnityMemory] Configuration Parameters - Can be set up in boot.config
    "memorysetup-bucket-allocator-granularity=16"
    "memorysetup-bucket-allocator-bucket-count=8"
    "memorysetup-bucket-allocator-block-size=33554432"
    "memorysetup-bucket-allocator-block-count=8"
    "memorysetup-main-allocator-block-size=16777216"
    "memorysetup-thread-allocator-block-size=16777216"
    "memorysetup-gfx-main-allocator-block-size=16777216"
    "memorysetup-gfx-thread-allocator-block-size=16777216"
    "memorysetup-cache-allocator-block-size=4194304"
    "memorysetup-typetree-allocator-block-size=2097152"
    "memorysetup-profiler-bucket-allocator-granularity=16"
    "memorysetup-profiler-bucket-allocator-bucket-count=8"
    "memorysetup-profiler-bucket-allocator-block-size=33554432"
    "memorysetup-profiler-bucket-allocator-block-count=8"
    "memorysetup-profiler-allocator-block-size=16777216"
    "memorysetup-profiler-editor-allocator-block-size=1048576"
    "memorysetup-temp-allocator-size-main=16777216"
    "memorysetup-job-temp-allocator-block-size=2097152"
    "memorysetup-job-temp-allocator-block-size-background=1048576"
    "memorysetup-job-temp-allocator-reduction-small-platforms=262144"
    "memorysetup-allocator-temp-initial-block-size-main=262144"
    "memorysetup-allocator-temp-initial-block-size-worker=262144"
    "memorysetup-temp-allocator-size-background-worker=32768"
    "memorysetup-temp-allocator-size-job-worker=262144"
    "memorysetup-temp-allocator-size-preload-manager=33554432"
    "memorysetup-temp-allocator-size-nav-mesh-worker=65536"
    "memorysetup-temp-allocator-size-audio-worker=65536"
    "memorysetup-temp-allocator-size-cloud-worker=32768"
    "memorysetup-temp-allocator-size-gi-baking-worker=262144"
    "memorysetup-temp-allocator-size-gfx=262144"
Player connection [504500]  Target information:

Player connection [504500]  * "[IP] 172.18.224.122 [Port] 0 [Flags] 2 [Guid] 1589712912 [EditorId] 1589712912 [Version] 1048832 [Id] WindowsEditor(7,Victus) [Debug] 1 [PackageName] WindowsEditor [ProjectName] Editor" 

Player connection [504500] Host joined multi-casting on [225.0.0.222:54997]...
Player connection [504500] Host joined alternative multi-casting on [225.0.0.222:34997]...
[PhysX] Initialized MultithreadedTaskDispatcher with 16 workers.
Refreshing native plugins compatible for Editor in 35.02 ms, found 3 plugins.
Preloading 0 native plugins for Editor in 0.00 ms.
Initialize engine version: 2022.3.46f1 (8e9b8558c41a)
[Subsystems] Discovering subsystems at path C:/Program Files/Unity/Hub/Editor/2022.3.46f1/Editor/Data/Resources/UnitySubsystems
[Subsystems] Discovering subsystems at path C:/Users/agraw/OneDrive/Desktop/GDSC Devjams/AutoDrive/Assets
GfxDevice: creating device client; threaded=0; jobified=0
Direct3D:
    Version:  Direct3D 11.0 [level 11.1]
    Renderer: NVIDIA GeForce RTX 3050 Laptop GPU (ID=0x25a2)
    Vendor:   NVIDIA
    VRAM:     3964 MB
    Driver:   32.0.15.5613
Initialize mono
Mono path[0] = 'C:/Program Files/Unity/Hub/Editor/2022.3.46f1/Editor/Data/Managed'
Mono path[1] = 'C:/Program Files/Unity/Hub/Editor/2022.3.46f1/Editor/Data/MonoBleedingEdge/lib/mono/unityjit-win32'
Mono config path = 'C:/Program Files/Unity/Hub/Editor/2022.3.46f1/Editor/Data/MonoBleedingEdge/etc'
Using monoOptions --debugger-agent=transport=dt_socket,embedding=1,server=y,suspend=n,address=127.0.0.1:56524
Begin MonoManager ReloadAssembly
Registering precompiled unity dll's ...
Register platform support module: C:/Program Files/Unity/Hub/Editor/2022.3.46f1/Editor/Data/PlaybackEngines/WindowsStandaloneSupport/UnityEditor.WindowsStandalone.Extensions.dll
Registered in 0.008295 seconds.
- Loaded All Assemblies, in  0.609 seconds
Native extension for WindowsStandalone target not found
Mono: successfully reloaded assembly
- Finished resetting the current domain, in  0.212 seconds
Domain Reload Profiling: 820ms
	BeginReloadAssembly (393ms)
		ExecutionOrderSort (0ms)
		DisableScriptedObjects (0ms)
		BackupInstance (0ms)
		ReleaseScriptingObjects (0ms)
		CreateAndSetChildDomain (1ms)
	RebuildCommonClasses (31ms)
	RebuildNativeTypeToScriptingClass (8ms)
	initialDomainReloadingComplete (57ms)
	LoadAllAssembliesAndSetupDomain (120ms)
		LoadAssemblies (392ms)
		RebuildTransferFunctionScriptingTraits (0ms)
		AnalyzeDomain (118ms)
			TypeCache.Refresh (116ms)
				TypeCache.ScanAssembly (103ms)
			ScanForSourceGeneratedMonoScriptInfo (0ms)
			ResolveRequiredComponents (1ms)
	FinalizeReload (212ms)
		ReleaseScriptCaches (0ms)
		RebuildScriptCaches (0ms)
		SetupLoadedEditorAssemblies (173ms)
			LogAssemblyErrors (0ms)
			InitializePlatformSupportModulesInManaged (8ms)
			SetLoadedEditorAssemblies (8ms)
			RefreshPlugins (0ms)
			BeforeProcessingInitializeOnLoad (2ms)
			ProcessInitializeOnLoadAttributes (117ms)
			ProcessInitializeOnLoadMethodAttributes (38ms)
			AfterProcessingInitializeOnLoad (0ms)
			EditorAssembliesLoaded (0ms)
		ExecutionOrderSort2 (0ms)
		AwakeInstancesAfterBackupRestoration (0ms)
========================================================================
Worker process is ready to serve import requests
Caller must complete domain reload
Begin MonoManager ReloadAssembly
- Loaded All Assemblies, in  0.681 seconds
Native extension for WindowsStandalone target not found
Package Manager log level set to [2]
[Package Manager] Server::EnsureServerProcessIsRunning -- launch failed, reason: Unity was launched with the -noUpm command-line argument
[Package Manager] UpmClient::Send -- Unable to send message (not connected to UPM process).
[Package Manager] Cannot connect to Unity Package Manager local server
Mono: successfully reloaded assembly
- Finished resetting the current domain, in  0.605 seconds
Domain Reload Profiling: 1285ms
	BeginReloadAssembly (192ms)
		ExecutionOrderSort (0ms)
		DisableScriptedObjects (4ms)
		BackupInstance (0ms)
		ReleaseScriptingObjects (0ms)
		CreateAndSetChildDomain (17ms)
	RebuildCommonClasses (25ms)
	RebuildNativeTypeToScriptingClass (7ms)
	initialDomainReloadingComplete (30ms)
	LoadAllAssembliesAndSetupDomain (425ms)
		LoadAssemblies (441ms)
		RebuildTransferFunctionScriptingTraits (0ms)
		AnalyzeDomain (128ms)
			TypeCache.Refresh (113ms)
				TypeCache.ScanAssembly (101ms)
			ScanForSourceGeneratedMonoScriptInfo (10ms)
			ResolveRequiredComponents (3ms)
	FinalizeReload (605ms)
		ReleaseScriptCaches (0ms)
		RebuildScriptCaches (0ms)
		SetupLoadedEditorAssemblies (511ms)
			LogAssemblyErrors (0ms)
			InitializePlatformSupportModulesInManaged (4ms)
			SetLoadedEditorAssemblies (3ms)
			RefreshPlugins (0ms)
			BeforeProcessingInitializeOnLoad (44ms)
			ProcessInitializeOnLoadAttributes (442ms)
			ProcessInitializeOnLoadMethodAttributes (14ms)
			AfterProcessingInitializeOnLoad (4ms)
			EditorAssembliesLoaded (0ms)
		ExecutionOrderSort2 (0ms)
		AwakeInstancesAfterBackupRestoration (6ms)
Launched and connected shader compiler UnityShaderCompiler.exe after 0.06 seconds
Refreshing native plugins compatible for Editor in 5.00 ms, found 3 plugins.
Preloading 0 native plugins for Editor in 0.00 ms.
Unloading 3158 Unused Serialized files (Serialized files now loaded: 0)
Unloading 20 unused Assets / (259.4 KB). Loaded Objects now: 3651.
Memory consumption went from 140.0 MB to 139.8 MB.
Total: 3.893000 ms (FindLiveObjects: 0.289400 ms CreateObjectMapping: 0.108400 ms MarkObjects: 3.321300 ms  DeleteObjects: 0.172300 ms)

AssetImportParameters requested are different than current active one (requested -> active):
  custom:container-demuxer-ogg: 62fdf1f143b41e24485cea50d1cbac27 -> 
  custom:video-decoder-ogg-theora: a1e56fd34408186e4bbccfd4996cb3dc -> 
  custom:framework-win-MediaFoundation: 216162199b28c13a410421893ffa2e32 -> 
  custom:CustomObjectIndexerAttribute: 9a22284fe3817be447336de3de66b15e -> 
  custom:container-demuxer-webm: 4f35f7cbe854078d1ac9338744f61a02 -> 
  custom:container-muxer-webm: aa71ff27fc2769a1b78a27578f13a17b -> 
  custom:video-decoder-webm-vp8: 9c59270c3fd7afecdb556c50c9e8de78 -> 
  custom:SearchIndexIgnoredProperties: e643bd26f0fe6173181afceb89e7c659 -> 
  custom:AudioImporter_EditorPlatform: d09bf68614088b80899f8185d706f6e7 -> 
  custom:video-encoder-webm-vp8: eb34c28f22e8b96e1ab97ce403110664 -> 
  custom:audio-decoder-ogg-vorbis: bf7c407c2cedff20999df2af8eb42d56 -> 
  custom:audio-encoder-webm-vorbis: bf7c407c2cedff20999df2af8eb42d56 -> 
========================================================================
Received Import Request.
  Time since last request: 426118.067273 seconds.
  path: Assets/RoadArchitect/Mesh/Bridges/BridgeBase4-28w-5l-5d.FBX
  artifactKey: Guid(723fd9f809171bc4884d600f6bab18f3) Importer(815301076,1909f56bfc062723c751e8b465ee728b)
Start importing Assets/RoadArchitect/Mesh/Bridges/BridgeBase4-28w-5l-5d.FBX using Guid(723fd9f809171bc4884d600f6bab18f3) Importer(815301076,1909f56bfc062723c751e8b465ee728b) [PhysX] Initialized MultithreadedTaskDispatcher with 16 workers.
[PhysX] Initialized MultithreadedTaskDispatcher with 16 workers.
[PhysX] Initialized MultithreadedTaskDispatcher with 16 workers.
 -> (artifact id: '69a99c7ae2b545edd96950c650281b97') in 0.178189 seconds
Number of updated asset objects reloaded before import = 0
Number of asset objects unloaded after import = 7
========================================================================
Received Import Request.
  Time since last request: 7.538624 seconds.
  path: Assets/RoadArchitect/Mesh/Bridges/BridgeSuspensionPillar6Lanes.FBX
  artifactKey: Guid(8b60b7f88b680cc4aba46a61d8e34b01) Importer(815301076,1909f56bfc062723c751e8b465ee728b)
Start importing Assets/RoadArchitect/Mesh/Bridges/BridgeSuspensionPillar6Lanes.FBX using Guid(8b60b7f88b680cc4aba46a61d8e34b01) Importer(815301076,1909f56bfc062723c751e8b465ee728b) [PhysX] Initialized MultithreadedTaskDispatcher with 16 workers.
[PhysX] Initialized MultithreadedTaskDispatcher with 16 workers.
[PhysX] Initialized MultithreadedTaskDispatcher with 16 workers.
 -> (artifact id: '7b33cdf01eea7965291e8e87e9c2129c') in 0.030377 seconds
Number of updated asset objects reloaded before import = 0
Number of asset objects unloaded after import = 7
========================================================================
Received Import Request.
  Time since last request: 0.713826 seconds.
  path: Assets/RoadArchitect/Mesh/Bridges/CableTest2.FBX
  artifactKey: Guid(50036b7eb5edbeb41a97c7ccf2ee8f38) Importer(815301076,1909f56bfc062723c751e8b465ee728b)
Start importing Assets/RoadArchitect/Mesh/Bridges/CableTest2.FBX using Guid(50036b7eb5edbeb41a97c7ccf2ee8f38) Importer(815301076,1909f56bfc062723c751e8b465ee728b) [PhysX] Initialized MultithreadedTaskDispatcher with 16 workers.
[PhysX] Initialized MultithreadedTaskDispatcher with 16 workers.
[PhysX] Initialized MultithreadedTaskDispatcher with 16 workers.
 -> (artifact id: '59c379fa2dfdeadcf20e9914aadcb233') in 0.038452 seconds
Number of updated asset objects reloaded before import = 0
Number of asset objects unloaded after import = 7
========================================================================
Received Import Request.
  Time since last request: 7.954856 seconds.
  path: Assets/RoadArchitect/Mesh/Railing/Railing8.fbx
  artifactKey: Guid(0cf7cf7da7f98894aae4d4b95f65e336) Importer(815301076,1909f56bfc062723c751e8b465ee728b)
Start importing Assets/RoadArchitect/Mesh/Railing/Railing8.fbx using Guid(0cf7cf7da7f98894aae4d4b95f65e336) Importer(815301076,1909f56bfc062723c751e8b465ee728b) [PhysX] Initialized MultithreadedTaskDispatcher with 16 workers.
[PhysX] Initialized MultithreadedTaskDispatcher with 16 workers.
[PhysX] Initialized MultithreadedTaskDispatcher with 16 workers.
 -> (artifact id: '113daac06375e9cab355aa8d0eb30c3c') in 0.031381 seconds
Number of updated asset objects reloaded before import = 0
Number of asset objects unloaded after import = 7
========================================================================
Received Import Request.
  Time since last request: 4.884593 seconds.
  path: Assets/RoadArchitect/Mesh/Signs/FedSigns/Sign988.FBX
  artifactKey: Guid(46f162d9dcd39a944b86460cda6365c4) Importer(815301076,1909f56bfc062723c751e8b465ee728b)
Start importing Assets/RoadArchitect/Mesh/Signs/FedSigns/Sign988.FBX using Guid(46f162d9dcd39a944b86460cda6365c4) Importer(815301076,1909f56bfc062723c751e8b465ee728b) [PhysX] Initialized MultithreadedTaskDispatcher with 16 workers.
[PhysX] Initialized MultithreadedTaskDispatcher with 16 workers.
[PhysX] Initialized MultithreadedTaskDispatcher with 16 workers.
 -> (artifact id: 'f36e537e69a21d5e212ac7d693358f95') in 0.058523 seconds
Number of updated asset objects reloaded before import = 0
Number of asset objects unloaded after import = 7
========================================================================
Received Import Request.
  Time since last request: 0.915857 seconds.
  path: Assets/RoadArchitect/Mesh/Signs/SignStop.FBX
  artifactKey: Guid(9f047a4cfbb435e44b99bfbe48a26997) Importer(815301076,1909f56bfc062723c751e8b465ee728b)
Start importing Assets/RoadArchitect/Mesh/Signs/SignStop.FBX using Guid(9f047a4cfbb435e44b99bfbe48a26997) Importer(815301076,1909f56bfc062723c751e8b465ee728b) [PhysX] Initialized MultithreadedTaskDispatcher with 16 workers.
[PhysX] Initialized MultithreadedTaskDispatcher with 16 workers.
[PhysX] Initialized MultithreadedTaskDispatcher with 16 workers.
 -> (artifact id: 'c930b0bb5d9aa651aa8cd810b7e898ab') in 0.046123 seconds
Number of updated asset objects reloaded before import = 0
Number of asset objects unloaded after import = 7
========================================================================
Received Import Request.
  Time since last request: 0.214519 seconds.
  path: Assets/RoadArchitect/Mesh/Bridges/SteelBeamBase.FBX
  artifactKey: Guid(c4e2d45045a03704d8e4a87a6ad0244b) Importer(815301076,1909f56bfc062723c751e8b465ee728b)
Start importing Assets/RoadArchitect/Mesh/Bridges/SteelBeamBase.FBX using Guid(c4e2d45045a03704d8e4a87a6ad0244b) Importer(815301076,1909f56bfc062723c751e8b465ee728b) [PhysX] Initialized MultithreadedTaskDispatcher with 16 workers.
[PhysX] Initialized MultithreadedTaskDispatcher with 16 workers.
[PhysX] Initialized MultithreadedTaskDispatcher with 16 workers.
 -> (artifact id: 'eb09580f7993917b8c726cf1b1fc01fa') in 0.048823 seconds
Number of updated asset objects reloaded before import = 0
Number of asset objects unloaded after import = 7
========================================================================
Received Import Request.
  Time since last request: 2.353180 seconds.
  path: Assets/RoadArchitect/Mesh/Bridges/SuspBridgeBase6Lanes40MCap.FBX
  artifactKey: Guid(c9cafa4001e16334782369b07a85b876) Importer(815301076,1909f56bfc062723c751e8b465ee728b)
Start importing Assets/RoadArchitect/Mesh/Bridges/SuspBridgeBase6Lanes40MCap.FBX using Guid(c9cafa4001e16334782369b07a85b876) Importer(815301076,1909f56bfc062723c751e8b465ee728b) [PhysX] Initialized MultithreadedTaskDispatcher with 16 workers.
[PhysX] Initialized MultithreadedTaskDispatcher with 16 workers.
[PhysX] Initialized MultithreadedTaskDispatcher with 16 workers.
 -> (artifact id: 'ae36f36abcc42587980773e0b026e478') in 0.038177 seconds
Number of updated asset objects reloaded before import = 0
Number of asset objects unloaded after import = 7
========================================================================
Received Import Request.
  Time since last request: 0.989182 seconds.
  path: Assets/RoadArchitect/Mesh/Bridges/SuspBridgePillarSmall4Lanes.FBX
  artifactKey: Guid(1310527953fb3b14d82299c87e00c2b0) Importer(815301076,1909f56bfc062723c751e8b465ee728b)
Start importing Assets/RoadArchitect/Mesh/Bridges/SuspBridgePillarSmall4Lanes.FBX using Guid(1310527953fb3b14d82299c87e00c2b0) Importer(815301076,1909f56bfc062723c751e8b465ee728b) [PhysX] Initialized MultithreadedTaskDispatcher with 16 workers.
[PhysX] Initialized MultithreadedTaskDispatcher with 16 workers.
[PhysX] Initialized MultithreadedTaskDispatcher with 16 workers.
 -> (artifact id: '0368bfc7afa80fa2c5a3df5bd5fc4f22') in 0.030158 seconds
Number of updated asset objects reloaded before import = 0
Number of asset objects unloaded after import = 7
========================================================================
Received Import Request.
  Time since last request: 1.047021 seconds.
  path: Assets/RoadArchitect/Mesh/Signs/TrafficLightLeftYield.FBX
  artifactKey: Guid(0ea67dcb3c9a80945843eb74a0ad31f3) Importer(815301076,1909f56bfc062723c751e8b465ee728b)
Start importing Assets/RoadArchitect/Mesh/Signs/TrafficLightLeftYield.FBX using Guid(0ea67dcb3c9a80945843eb74a0ad31f3) Importer(815301076,1909f56bfc062723c751e8b465ee728b) [PhysX] Initialized MultithreadedTaskDispatcher with 16 workers.
[PhysX] Initialized MultithreadedTaskDispatcher with 16 workers.
[PhysX] Initialized MultithreadedTaskDispatcher with 16 workers.
[PhysX] Initialized MultithreadedTaskDispatcher with 16 workers.
[PhysX] Initialized MultithreadedTaskDispatcher with 16 workers.
[PhysX] Initialized MultithreadedTaskDispatcher with 16 workers.
 -> (artifact id: 'f29780892b2b0d1982adc468e835a89b') in 0.045215 seconds
Number of updated asset objects reloaded before import = 0
Number of asset objects unloaded after import = 24
========================================================================
Received Import Request.
  Time since last request: 0.303894 seconds.
  path: Assets/RoadArchitect/Mesh/Signs/TrafficLightRight.FBX
  artifactKey: Guid(78a338d73f6d584438616082f66a8272) Importer(815301076,1909f56bfc062723c751e8b465ee728b)
Start importing Assets/RoadArchitect/Mesh/Signs/TrafficLightRight.FBX using Guid(78a338d73f6d584438616082f66a8272) Importer(815301076,1909f56bfc062723c751e8b465ee728b) [PhysX] Initialized MultithreadedTaskDispatcher with 16 workers.
[PhysX] Initialized MultithreadedTaskDispatcher with 16 workers.
[PhysX] Initialized MultithreadedTaskDispatcher with 16 workers.
[PhysX] Initialized MultithreadedTaskDispatcher with 16 workers.
[PhysX] Initialized MultithreadedTaskDispatcher with 16 workers.
[PhysX] Initialized MultithreadedTaskDispatcher with 16 workers.
 -> (artifact id: '57410b57eb8d05f2de2298c86b0360a6') in 0.051761 seconds
Number of updated asset objects reloaded before import = 0
Number of asset objects unloaded after import = 22
========================================================================
Received Import Request.
  Time since last request: 26.460525 seconds.
  path: Assets/Ground textures pack/Grass & dead leafs 02/normal.tga
  artifactKey: Guid(0c64d261e58031345b9844438ceb0af9) Importer(815301076,1909f56bfc062723c751e8b465ee728b)
Start importing Assets/Ground textures pack/Grass & dead leafs 02/normal.tga using Guid(0c64d261e58031345b9844438ceb0af9) Importer(815301076,1909f56bfc062723c751e8b465ee728b) [PhysX] Initialized MultithreadedTaskDispatcher with 16 workers.
[PhysX] Initialized MultithreadedTaskDispatcher with 16 workers.
 -> (artifact id: '7eee0a677a4d4118bdf51b9c36167ca9') in 0.133226 seconds
Number of updated asset objects reloaded before import = 0
Number of asset objects unloaded after import = 2
========================================================================
Received Import Request.
  Time since last request: 2.264705 seconds.
  path: Assets/Ground textures pack/Grass & rocks/preview.jpg
  artifactKey: Guid(8d88ad474360045458b4fb808dbb4ac9) Importer(815301076,1909f56bfc062723c751e8b465ee728b)
Start importing Assets/Ground textures pack/Grass & rocks/preview.jpg using Guid(8d88ad474360045458b4fb808dbb4ac9) Importer(815301076,1909f56bfc062723c751e8b465ee728b) [PhysX] Initialized MultithreadedTaskDispatcher with 16 workers.
[PhysX] Initialized MultithreadedTaskDispatcher with 16 workers.
 -> (artifact id: 'd64dcea3cb247b83ad13dfa25419b218') in 0.706071 seconds
Number of updated asset objects reloaded before import = 0
Number of asset objects unloaded after import = 2
========================================================================
Received Import Request.
  Time since last request: 935.757671 seconds.
  path: Assets/CS - Signs Free/Prefabs/Freeway/Sign_Exit.prefab
  artifactKey: Guid(f5151f948e7bea547abe38843d5b5b3e) Importer(815301076,1909f56bfc062723c751e8b465ee728b)
Start importing Assets/CS - Signs Free/Prefabs/Freeway/Sign_Exit.prefab using Guid(f5151f948e7bea547abe38843d5b5b3e) Importer(815301076,1909f56bfc062723c751e8b465ee728b) [PhysX] Initialized MultithreadedTaskDispatcher with 16 workers.
[PhysX] Initialized MultithreadedTaskDispatcher with 16 workers.
 -> (artifact id: '88a4ae04064b682671922393e10afee8') in 2.845940 seconds
Number of updated asset objects reloaded before import = 0
Number of asset objects unloaded after import = 41
========================================================================
Received Import Request.
  Time since last request: 0.000199 seconds.
  path: Assets/CS - Signs Free/Prefabs/Freeway/Sign_Speed_70.prefab
  artifactKey: Guid(6f5a00c7ec4217e4db9971fd1c7c4819) Importer(815301076,1909f56bfc062723c751e8b465ee728b)
Start importing Assets/CS - Signs Free/Prefabs/Freeway/Sign_Speed_70.prefab using Guid(6f5a00c7ec4217e4db9971fd1c7c4819) Importer(815301076,1909f56bfc062723c751e8b465ee728b) [PhysX] Initialized MultithreadedTaskDispatcher with 16 workers.
[PhysX] Initialized MultithreadedTaskDispatcher with 16 workers.
 -> (artifact id: '8f3f50f00d0dee1b266ad9603e3ebd7c') in 0.256964 seconds
Number of updated asset objects reloaded before import = 0
Number of asset objects unloaded after import = 41
========================================================================
Received Import Request.
  Time since last request: 0.000047 seconds.
  path: Assets/CS - Signs Free/Prefabs/Freeway/Sign_Speed_25.prefab
  artifactKey: Guid(5fa9b8c052676f141a47c70fd1cfae46) Importer(815301076,1909f56bfc062723c751e8b465ee728b)
Start importing Assets/CS - Signs Free/Prefabs/Freeway/Sign_Speed_25.prefab using Guid(5fa9b8c052676f141a47c70fd1cfae46) Importer(815301076,1909f56bfc062723c751e8b465ee728b) [PhysX] Initialized MultithreadedTaskDispatcher with 16 workers.
[PhysX] Initialized MultithreadedTaskDispatcher with 16 workers.
 -> (artifact id: '07804b29bab12eea1d11358b10321280') in 0.125819 seconds
Number of updated asset objects reloaded before import = 0
Number of asset objects unloaded after import = 41
Editor requested this worker to shutdown with reason: Scaling down because of idle timeout
TcpMessagingSession - receive error: operation aborted. errorcode: 995, details: The I/O operation has been aborted because of either a thread exit or an application request.
AssetImportWorker is now disconnected from the server
Process exiting
Exiting without the bug reporter. Application will terminate with return code 0